src/components/forms/InvoiceForm.tsx(1,10): error TS6133: 'useReducer' is declared but its value is never read.
src/components/forms/InvoiceForm.tsx(15,53): error TS6196: 'CustomerWithMaster' is declared but never used.
src/components/forms/InvoiceForm.tsx(22,20): error TS6133: 'createInvoiceAPI' is declared but its value is never read.
src/components/forms/InvoiceForm.tsx(23,27): error TS6133: 'autoSaveInvoiceDraftAPI' is declared but its value is never read.
src/components/forms/InvoiceForm.tsx(24,27): error TS6133: 'validateInvoiceItemsAPI' is declared but its value is never read.
src/components/forms/InvoiceForm.tsx(39,1): error TS6133: 'IdentifierType' is declared but its value is never read.
src/components/forms/InvoiceForm.tsx(61,6): error TS6196: 'Step' is declared but never used.
src/components/forms/InvoiceForm.tsx(116,9): error TS6133: 'queryClient' is declared but its value is never read.
src/components/forms/InvoiceForm.tsx(752,11): error TS2322: Type 'string | null' is not assignable to type 'string'.
  Type 'null' is not assignable to type 'string'.
src/components/forms/InvoiceForm.tsx(757,67): error TS2339: Property 'id' does not exist on type '{ invoiceId: string; sessionId: string; }'.
src/components/forms/InvoiceForm.tsx(759,20): error TS2339: Property 'draft_session_id' does not exist on type '{ invoiceId: string; sessionId: string; }'.
src/components/forms/InvoiceForm.tsx(759,47): error TS2339: Property 'draft_session_id' does not exist on type '{ invoiceId: string; sessionId: string; }'.
src/components/forms/InvoiceForm.tsx(760,43): error TS2339: Property 'draft_session_id' does not exist on type '{ invoiceId: string; sessionId: string; }'.
src/components/forms/InvoiceForm.tsx(761,22): error TS2339: Property 'id' does not exist on type '{ invoiceId: string; sessionId: string; }'.
src/components/forms/InvoiceForm.tsx(762,38): error TS2339: Property 'id' does not exist on type '{ invoiceId: string; sessionId: string; }'.
src/components/forms/InvoiceForm.tsx(762,49): error TS2339: Property 'draft_session_id' does not exist on type '{ invoiceId: string; sessionId: string; }'.
src/components/forms/InvoiceForm.tsx(1334,31): error TS2552: Cannot find name 'setIdentifier'. Did you mean 'identifier'?
src/components/platformAdmin/GstVerificationQueue.tsx(58,15): error TS2352: Conversion of type 'SelectQueryError<"column 'gst_verification_status' does not exist on 'orgs'.">[]' to type 'OrgWithVerification[]' may be a mistake because neither type sufficiently overlaps with the other. If this was intentional, convert the expression to 'unknown' first.
  Type '{ error: true; } & String' is missing the following properties from type 'OrgWithVerification': gst_verification_status, gst_verification_source, gst_verified_at, gst_verified_by, and 18 more.
src/hooks/useInvoices.ts(147,17): error TS6133: 'data' is declared but its value is never read.
src/hooks/useInvoices.ts(173,17): error TS6133: 'data' is declared but its value is never read.
src/hooks/useInvoices.ts(196,17): error TS6133: 'data' is declared but its value is never read.
src/hooks/useInvoices.ts(228,60): error TS2345: Argument of type 'any[]' is not assignable to parameter of type 'string'.
src/hooks/useInvoices.ts(249,17): error TS6133: 'data' is declared but its value is never read.
src/hooks/useInvoices.ts(281,17): error TS6133: 'data' is declared but its value is never read.
src/hooks/useOrgSettings.ts(42,14): error TS2352: Conversion of type 'SelectQueryError<"column 'gst_verification_status' does not exist on 'orgs'.">' to type 'OrgSettings' may be a mistake because neither type sufficiently overlaps with the other. If this was intentional, convert the expression to 'unknown' first.
  Type '{ error: true; } & String' is missing the following properties from type 'OrgSettings': id, name, legal_name, custom_logo_url, and 4 more.
src/hooks/useOrgSettings.ts(74,14): error TS2352: Conversion of type 'SelectQueryError<"column 'gst_verification_status' does not exist on 'orgs'.">' to type 'OrgSettings' may be a mistake because neither type sufficiently overlaps with the other. If this was intentional, convert the expression to 'unknown' first.
  Type '{ error: true; } & String' is missing the following properties from type 'OrgSettings': id, name, legal_name, custom_logo_url, and 4 more.
src/lib/api/orgs.ts(199,5): error TS2322: Type 'string | null' is not assignable to type 'string | undefined'.
  Type 'null' is not assignable to type 'string | undefined'.
src/lib/api/orgs.ts(200,5): error TS2322: Type 'string | null' is not assignable to type 'string | undefined'.
  Type 'null' is not assignable to type 'string | undefined'.
src/pages/CustomersPage.tsx(26,34): error TS2322: Type 'Promise<QueryObserverResult<CustomerWithMaster[], Error>>' is not assignable to type 'Promise<void>'.
  Type 'QueryObserverResult<CustomerWithMaster[], Error>' is not assignable to type 'void'.
    Type 'QueryObserverRefetchErrorResult<CustomerWithMaster[], Error>' is not assignable to type 'void'.
src/pages/CustomersPage.tsx(201,11): error TS2322: Type '(data: any) => void' is not assignable to type '(data: CustomerFormData) => Promise<void>'.
  Type 'void' is not assignable to type 'Promise<void>'.
src/pages/NotificationsPage.tsx(41,34): error TS2322: Type 'Promise<QueryObserverResult<Notification[], Error>>' is not assignable to type 'Promise<void>'.
  Type 'QueryObserverResult<Notification[], Error>' is not assignable to type 'void'.
    Type 'QueryObserverRefetchErrorResult<Notification[], Error>' is not assignable to type 'void'.
